<?xml version="1.0" encoding="UTF-8"?>
<testsuite xmlns:xsi="http://www.w3.org/2001/XMLSchema-instance" xsi:noNamespaceSchemaLocation="https://maven.apache.org/surefire/maven-surefire-plugin/xsd/surefire-test-report.xsd" name="TestSuite" time="61.827" tests="5" errors="0" skipped="0" failures="2">
  <properties>
[...]
</properties>
  <testcase name="testAPiPutUser" classname="com.blazinchat.ApiTest" time="7.118">
    <failure message="1 expectation failed.&#10;Expected status code &lt;200&gt; but was &lt;404&gt;.&#10;" type="java.lang.AssertionError"><![CDATA[java.lang.AssertionError: 
1 expectation failed.
Expected status code <200> but was <404>.

	at com.blazinchat.ApiTest.testAPiPutUser(ApiTest.java:101)
]]></failure>
    <system-err><![CDATA[Oct 30, 2023 12:48:40 PM org.openqa.selenium.remote.DesiredCapabilities chrome
INFO: Using `new ChromeOptions()` is preferred to `DesiredCapabilities.chrome()`
Starting ChromeDriver 119.0.6045.59 (1aab0da71456c85ec184a88b5f556c78f4d92272-refs/branch-heads/6045@{#967}) on port 21930
Only local connections are allowed.
Please see https://chromedriver.chromium.org/security-considerations for suggestions on keeping ChromeDriver safe.
ChromeDriver was started successfully.
Oct 30, 2023 12:48:43 PM org.openqa.selenium.json.JsonOutput lambda$new$14
WARNING: Attempt to convert JsonElement from GSON. This functionality is deprecated. Diagnostic stacktrace follows
org.openqa.selenium.json.JsonException: Stack trace to determine cause of warning
Build info: version: '3.141.59', revision: 'e82be7d358', time: '2018-11-14T08:17:03'
System info: host: '5CG03254DW', ip: '192.168.56.1', os.name: 'Windows 10', os.arch: 'amd64', os.version: '10.0', java.version: '11.0.20.1'
Driver info: driver.version: ChromeDriver
	at org.openqa.selenium.json.JsonOutput.lambda$new$14(JsonOutput.java:145)
	at org.openqa.selenium.json.JsonOutput.write(JsonOutput.java:264)
	at org.openqa.selenium.json.JsonOutput.convertUsingMethod(JsonOutput.java:330)
	at org.openqa.selenium.json.JsonOutput.lambda$new$16(JsonOutput.java:155)
	at org.openqa.selenium.json.JsonOutput.write(JsonOutput.java:264)
	at org.openqa.selenium.json.JsonOutput.lambda$null$23(JsonOutput.java:177)
	at java.base/java.util.TreeMap.forEach(TreeMap.java:1002)
	at java.base/java.util.Collections$UnmodifiableMap.forEach(Collections.java:1505)
	at org.openqa.selenium.json.JsonOutput.lambda$new$24(JsonOutput.java:176)
	at org.openqa.selenium.json.JsonOutput.write(JsonOutput.java:264)
	at org.openqa.selenium.json.JsonOutput.lambda$null$23(JsonOutput.java:177)
	at com.google.common.collect.SingletonImmutableBiMap.forEach(SingletonImmutableBiMap.java:65)
	at org.openqa.selenium.json.JsonOutput.lambda$new$24(JsonOutput.java:176)
	at org.openqa.selenium.json.JsonOutput.write(JsonOutput.java:264)
	at org.openqa.selenium.json.JsonOutput.write(JsonOutput.java:255)
	at org.openqa.selenium.json.Json.toJson(Json.java:42)
	at org.openqa.selenium.remote.NewSessionPayload.create(NewSessionPayload.java:100)
	at org.openqa.selenium.remote.NewSessionPayload.create(NewSessionPayload.java:94)
	at org.openqa.selenium.remote.ProtocolHandshake.createSession(ProtocolHandshake.java:68)
	at org.openqa.selenium.remote.HttpCommandExecutor.execute(HttpCommandExecutor.java:136)
	at org.openqa.selenium.remote.service.DriverCommandExecutor.execute(DriverCommandExecutor.java:83)
	at org.openqa.selenium.remote.RemoteWebDriver.execute(RemoteWebDriver.java:552)
	at org.openqa.selenium.remote.RemoteWebDriver.startSession(RemoteWebDriver.java:213)
	at org.openqa.selenium.remote.RemoteWebDriver.<init>(RemoteWebDriver.java:131)
	at org.openqa.selenium.chrome.ChromeDriver.<init>(ChromeDriver.java:174)
	at org.openqa.selenium.chrome.ChromeDriver.<init>(ChromeDriver.java:163)
	at org.openqa.selenium.chrome.ChromeDriver.<init>(ChromeDriver.java:120)
	at com.blazinchat.ApiTest.setUp(ApiTest.java:37)
	at java.base/jdk.internal.reflect.NativeMethodAccessorImpl.invoke0(Native Method)
	at java.base/jdk.internal.reflect.NativeMethodAccessorImpl.invoke(NativeMethodAccessorImpl.java:62)
	at java.base/jdk.internal.reflect.DelegatingMethodAccessorImpl.invoke(DelegatingMethodAccessorImpl.java:43)
	at java.base/java.lang.reflect.Method.invoke(Method.java:566)
	at org.testng.internal.MethodInvocationHelper.invokeMethod(MethodInvocationHelper.java:133)
	at org.testng.internal.MethodInvocationHelper.invokeMethodConsideringTimeout(MethodInvocationHelper.java:62)
	at org.testng.internal.ConfigInvoker.invokeConfigurationMethod(ConfigInvoker.java:385)
	at org.testng.internal.ConfigInvoker.invokeConfigurations(ConfigInvoker.java:321)
	at org.testng.internal.TestInvoker.runConfigMethods(TestInvoker.java:700)
	at org.testng.internal.TestInvoker.invokeMethod(TestInvoker.java:527)
	at org.testng.internal.TestInvoker.invokeTestMethod(TestInvoker.java:173)
	at org.testng.internal.MethodRunner.runInSequence(MethodRunner.java:46)
	at org.testng.internal.TestInvoker$MethodInvocationAgent.invoke(TestInvoker.java:824)
	at org.testng.internal.TestInvoker.invokeTestMethods(TestInvoker.java:146)
	at org.testng.internal.TestMethodWorker.invokeTestMethods(TestMethodWorker.java:146)
	at org.testng.internal.TestMethodWorker.run(TestMethodWorker.java:128)
	at java.base/java.util.ArrayList.forEach(ArrayList.java:1541)
	at org.testng.TestRunner.privateRun(TestRunner.java:794)
	at org.testng.TestRunner.run(TestRunner.java:596)
	at org.testng.SuiteRunner.runTest(SuiteRunner.java:377)
	at org.testng.SuiteRunner.runSequentially(SuiteRunner.java:371)
	at org.testng.SuiteRunner.privateRun(SuiteRunner.java:332)
	at org.testng.SuiteRunner.run(SuiteRunner.java:276)
	at org.testng.SuiteRunnerWorker.runSuite(SuiteRunnerWorker.java:53)
	at org.testng.SuiteRunnerWorker.run(SuiteRunnerWorker.java:96)
	at org.testng.TestNG.runSuitesSequentially(TestNG.java:1212)
	at org.testng.TestNG.runSuitesLocally(TestNG.java:1134)
	at org.testng.TestNG.runSuites(TestNG.java:1063)
	at org.testng.TestNG.run(TestNG.java:1031)
	at org.apache.maven.surefire.testng.TestNGExecutor.run(TestNGExecutor.java:135)
	at org.apache.maven.surefire.testng.TestNGDirectoryTestSuite.executeMulti(TestNGDirectoryTestSuite.java:193)
	at org.apache.maven.surefire.testng.TestNGDirectoryTestSuite.execute(TestNGDirectoryTestSuite.java:94)
	at org.apache.maven.surefire.testng.TestNGProvider.invoke(TestNGProvider.java:146)
	at org.apache.maven.surefire.booter.ForkedBooter.invokeProviderInSameClassLoader(ForkedBooter.java:384)
	at org.apache.maven.surefire.booter.ForkedBooter.runSuitesInProcess(ForkedBooter.java:345)
	at org.apache.maven.surefire.booter.ForkedBooter.execute(ForkedBooter.java:126)
	at org.apache.maven.surefire.booter.ForkedBooter.main(ForkedBooter.java:418)

Oct 30, 2023 12:48:46 PM org.openqa.selenium.remote.ProtocolHandshake createSession
INFO: Detected dialect: W3C
]]></system-err>
  </testcase>
  <testcase name="testApiGetContacts" classname="com.blazinchat.ApiTest" time="6.724"/>
  <testcase name="testPostAddUser" classname="com.blazinchat.ApiTest" time="3.784"/>
  <testcase name="testContactList" classname="com.blazinchat.BlazingTest" time="0.001"/>
  <testcase name="testLogIn" classname="com.blazinchat.BlazingTest" time="11.582">
    <failure message="Button is enabled when it shouldnt be expected [false] but found [true]" type="java.lang.AssertionError">java.lang.AssertionError: Button is enabled when it shouldnt be expected [false] but found [true]
	at com.blazinchat.BlazingTest.testLogIn(BlazingTest.java:69)
</failure>
    <system-err><![CDATA[Oct 30, 2023 12:49:21 PM org.openqa.selenium.remote.DesiredCapabilities chrome
INFO: Using `new ChromeOptions()` is preferred to `DesiredCapabilities.chrome()`
Starting ChromeDriver 119.0.6045.59 (1aab0da71456c85ec184a88b5f556c78f4d92272-refs/branch-heads/6045@{#967}) on port 32526
Only local connections are allowed.
Please see https://chromedriver.chromium.org/security-considerations for suggestions on keeping ChromeDriver safe.
ChromeDriver was started successfully.
Oct 30, 2023 12:49:23 PM org.openqa.selenium.json.JsonOutput lambda$new$14
WARNING: Attempt to convert JsonElement from GSON. This functionality is deprecated. Diagnostic stacktrace follows
org.openqa.selenium.json.JsonException: Stack trace to determine cause of warning
Build info: version: '3.141.59', revision: 'e82be7d358', time: '2018-11-14T08:17:03'
System info: host: '5CG03254DW', ip: '192.168.56.1', os.name: 'Windows 10', os.arch: 'amd64', os.version: '10.0', java.version: '11.0.20.1'
Driver info: driver.version: ChromeDriver
	at org.openqa.selenium.json.JsonOutput.lambda$new$14(JsonOutput.java:145)
	at org.openqa.selenium.json.JsonOutput.write(JsonOutput.java:264)
	at org.openqa.selenium.json.JsonOutput.convertUsingMethod(JsonOutput.java:330)
	at org.openqa.selenium.json.JsonOutput.lambda$new$16(JsonOutput.java:155)
	at org.openqa.selenium.json.JsonOutput.write(JsonOutput.java:264)
	at org.openqa.selenium.json.JsonOutput.lambda$null$23(JsonOutput.java:177)
	at java.base/java.util.TreeMap.forEach(TreeMap.java:1002)
	at java.base/java.util.Collections$UnmodifiableMap.forEach(Collections.java:1505)
	at org.openqa.selenium.json.JsonOutput.lambda$new$24(JsonOutput.java:176)
	at org.openqa.selenium.json.JsonOutput.write(JsonOutput.java:264)
	at org.openqa.selenium.json.JsonOutput.lambda$null$23(JsonOutput.java:177)
	at com.google.common.collect.SingletonImmutableBiMap.forEach(SingletonImmutableBiMap.java:65)
	at org.openqa.selenium.json.JsonOutput.lambda$new$24(JsonOutput.java:176)
	at org.openqa.selenium.json.JsonOutput.write(JsonOutput.java:264)
	at org.openqa.selenium.json.JsonOutput.write(JsonOutput.java:255)
	at org.openqa.selenium.json.Json.toJson(Json.java:42)
	at org.openqa.selenium.remote.NewSessionPayload.create(NewSessionPayload.java:100)
	at org.openqa.selenium.remote.NewSessionPayload.create(NewSessionPayload.java:94)
	at org.openqa.selenium.remote.ProtocolHandshake.createSession(ProtocolHandshake.java:68)
	at org.openqa.selenium.remote.HttpCommandExecutor.execute(HttpCommandExecutor.java:136)
	at org.openqa.selenium.remote.service.DriverCommandExecutor.execute(DriverCommandExecutor.java:83)
	at org.openqa.selenium.remote.RemoteWebDriver.execute(RemoteWebDriver.java:552)
	at org.openqa.selenium.remote.RemoteWebDriver.startSession(RemoteWebDriver.java:213)
	at org.openqa.selenium.remote.RemoteWebDriver.<init>(RemoteWebDriver.java:131)
	at org.openqa.selenium.chrome.ChromeDriver.<init>(ChromeDriver.java:174)
	at org.openqa.selenium.chrome.ChromeDriver.<init>(ChromeDriver.java:163)
	at org.openqa.selenium.chrome.ChromeDriver.<init>(ChromeDriver.java:120)
	at com.blazinchat.BlazingTest.setUp(BlazingTest.java:28)
	at java.base/jdk.internal.reflect.NativeMethodAccessorImpl.invoke0(Native Method)
	at java.base/jdk.internal.reflect.NativeMethodAccessorImpl.invoke(NativeMethodAccessorImpl.java:62)
	at java.base/jdk.internal.reflect.DelegatingMethodAccessorImpl.invoke(DelegatingMethodAccessorImpl.java:43)
	at java.base/java.lang.reflect.Method.invoke(Method.java:566)
	at org.testng.internal.MethodInvocationHelper.invokeMethod(MethodInvocationHelper.java:133)
	at org.testng.internal.MethodInvocationHelper.invokeMethodConsideringTimeout(MethodInvocationHelper.java:62)
	at org.testng.internal.ConfigInvoker.invokeConfigurationMethod(ConfigInvoker.java:385)
	at org.testng.internal.ConfigInvoker.invokeConfigurations(ConfigInvoker.java:321)
	at org.testng.internal.TestInvoker.runConfigMethods(TestInvoker.java:700)
	at org.testng.internal.TestInvoker.invokeMethod(TestInvoker.java:527)
	at org.testng.internal.TestInvoker.invokeTestMethod(TestInvoker.java:173)
	at org.testng.internal.MethodRunner.runInSequence(MethodRunner.java:46)
	at org.testng.internal.TestInvoker$MethodInvocationAgent.invoke(TestInvoker.java:824)
	at org.testng.internal.TestInvoker.invokeTestMethods(TestInvoker.java:146)
	at org.testng.internal.TestMethodWorker.invokeTestMethods(TestMethodWorker.java:146)
	at org.testng.internal.TestMethodWorker.run(TestMethodWorker.java:128)
	at java.base/java.util.ArrayList.forEach(ArrayList.java:1541)
	at org.testng.TestRunner.privateRun(TestRunner.java:794)
	at org.testng.TestRunner.run(TestRunner.java:596)
	at org.testng.SuiteRunner.runTest(SuiteRunner.java:377)
	at org.testng.SuiteRunner.runSequentially(SuiteRunner.java:371)
	at org.testng.SuiteRunner.privateRun(SuiteRunner.java:332)
	at org.testng.SuiteRunner.run(SuiteRunner.java:276)
	at org.testng.SuiteRunnerWorker.runSuite(SuiteRunnerWorker.java:53)
	at org.testng.SuiteRunnerWorker.run(SuiteRunnerWorker.java:96)
	at org.testng.TestNG.runSuitesSequentially(TestNG.java:1212)
	at org.testng.TestNG.runSuitesLocally(TestNG.java:1134)
	at org.testng.TestNG.runSuites(TestNG.java:1063)
	at org.testng.TestNG.run(TestNG.java:1031)
	at org.apache.maven.surefire.testng.TestNGExecutor.run(TestNGExecutor.java:135)
	at org.apache.maven.surefire.testng.TestNGDirectoryTestSuite.executeMulti(TestNGDirectoryTestSuite.java:193)
	at org.apache.maven.surefire.testng.TestNGDirectoryTestSuite.execute(TestNGDirectoryTestSuite.java:94)
	at org.apache.maven.surefire.testng.TestNGProvider.invoke(TestNGProvider.java:146)
	at org.apache.maven.surefire.booter.ForkedBooter.invokeProviderInSameClassLoader(ForkedBooter.java:384)
	at org.apache.maven.surefire.booter.ForkedBooter.runSuitesInProcess(ForkedBooter.java:345)
	at org.apache.maven.surefire.booter.ForkedBooter.execute(ForkedBooter.java:126)
	at org.apache.maven.surefire.booter.ForkedBooter.main(ForkedBooter.java:418)

Oct 30, 2023 12:49:26 PM org.openqa.selenium.remote.ProtocolHandshake createSession
INFO: Detected dialect: W3C
]]></system-err>
  </testcase>
</testsuite>